<?xml version="1.0" encoding="UTF-8"?>
<testng-results skipped="0" failed="0" total="1" passed="1">
  <reporter-output>
  </reporter-output>
  <suite name="Surefire suite" duration-ms="31" started-at="2021-01-27T07:55:55Z" finished-at="2021-01-27T07:55:55Z">
    <groups>
    </groups>
    <test name="Surefire test" duration-ms="31" started-at="2021-01-27T07:55:55Z" finished-at="2021-01-27T07:55:55Z">
      <class name="test.RVcucumber_4.AppTest">
        <test-method status="PASS" signature="testApp()[pri:0, instance:testApp(test.RVcucumber_4.AppTest)]" name="testApp" duration-ms="0" started-at="2021-01-27T13:25:55Z" finished-at="2021-01-27T13:25:55Z">
          <reporter-output>
          </reporter-output>
        </test-method> <!-- testApp -->
      </class> <!-- test.RVcucumber_4.AppTest -->
    </test> <!-- Surefire test -->
  </suite> <!-- Surefire suite -->
</testng-results>
