<?xml version="1.0" encoding="UTF-8"?>
<!-- Generated by org.testng.reporters.JUnitXMLReporter -->
<testsuite hostname="DESKTOP-97AA45G" name="Test" tests="3" failures="0" timestamp="27 Jan 2021 07:59:44 GMT" time="0.377" errors="0">
  <testcase name="demo2" time="0.031" classname="stepdefinitions.stepdefinition"/>
  <testcase name="demo2" time="0.013" classname="stepdefinitions.stepdefinition"/>
  <testcase name="feature" time="0.0" classname="cucumberOptions.TestRunner">
    <skipped/>
  </testcase> <!-- feature -->
</testsuite> <!-- Test -->
